{
  "RSpec": {
    "coverage": {
      "/Users/Josh/turing/projects/rails_engine/app/helpers/application_helper.rb": [
        1,
        null
      ],
      "/Users/Josh/turing/projects/rails_engine/app/controllers/api/v1/customers/find_controller.rb": [
        1,
        1,
        1,
        null,
        null,
        1,
        1,
        null,
        null,
        1,
        null,
        1,
        2,
        null,
        null
      ],
      "/Users/Josh/turing/projects/rails_engine/app/controllers/api/api_controller.rb": [
        1,
        1,
        null
      ],
      "/Users/Josh/turing/projects/rails_engine/app/controllers/application_controller.rb": [
        1,
        null,
        null,
        1,
        null
      ],
      "/Users/Josh/turing/projects/rails_engine/app/controllers/api/v1/customers/random_controller.rb": [
        1,
        1,
        1,
        null,
        null
      ],
      "/Users/Josh/turing/projects/rails_engine/app/controllers/api/v1/customers_controller.rb": [
        1,
        1,
        1,
        null,
        null,
        1,
        1,
        null,
        null
      ],
      "/Users/Josh/turing/projects/rails_engine/app/controllers/api/v1/invoice_items/find_controller.rb": [
        1,
        1,
        1,
        null,
        null,
        1,
        1,
        null,
        null,
        1,
        null,
        1,
        2,
        null,
        null,
        null,
        null,
        null,
        null,
        null,
        null,
        null
      ],
      "/Users/Josh/turing/projects/rails_engine/app/controllers/api/v1/invoice_items/random_controller.rb": [
        1,
        1,
        1,
        null,
        null
      ],
      "/Users/Josh/turing/projects/rails_engine/app/controllers/api/v1/invoice_items_controller.rb": [
        1,
        1,
        1,
        null,
        null,
        1,
        1,
        null,
        null
      ],
      "/Users/Josh/turing/projects/rails_engine/app/controllers/api/v1/invoices/find_controller.rb": [
        1,
        1,
        1,
        null,
        null,
        1,
        1,
        null,
        null,
        1,
        null,
        1,
        2,
        null,
        null,
        null,
        null,
        null,
        null,
        null,
        null,
        null,
        null,
        null
      ],
      "/Users/Josh/turing/projects/rails_engine/app/controllers/api/v1/invoices/random_controller.rb": [
        1,
        1,
        1,
        null,
        null
      ],
      "/Users/Josh/turing/projects/rails_engine/app/controllers/api/v1/invoices_controller.rb": [
        1,
        1,
        1,
        null,
        null,
        1,
        1,
        null,
        null
      ],
      "/Users/Josh/turing/projects/rails_engine/app/controllers/api/v1/items/find_controller.rb": [
        1,
        1,
        1,
        null,
        null,
        1,
        1,
        null,
        null,
        1,
        null,
        1,
        2,
        null,
        null,
        null,
        null,
        null,
        null,
        null,
        null,
        null
      ],
      "/Users/Josh/turing/projects/rails_engine/app/controllers/api/v1/items/random_controller.rb": [
        1,
        1,
        1,
        null,
        null
      ],
      "/Users/Josh/turing/projects/rails_engine/app/controllers/api/v1/items_controller.rb": [
        1,
        1,
        1,
        null,
        null,
        1,
        1,
        null,
        null
      ],
      "/Users/Josh/turing/projects/rails_engine/app/controllers/api/v1/merchants/find_controller.rb": [
        1,
        1,
        1,
        null,
        null,
        1,
        1,
        null,
        null,
        1,
        null,
        1,
        2,
        null,
        null
      ],
      "/Users/Josh/turing/projects/rails_engine/app/controllers/api/v1/merchants/random_controller.rb": [
        1,
        1,
        1,
        null,
        null
      ],
      "/Users/Josh/turing/projects/rails_engine/app/controllers/api/v1/merchants_controller.rb": [
        1,
        1,
        1,
        null,
        null,
        1,
        1,
        null,
        null
      ],
      "/Users/Josh/turing/projects/rails_engine/app/controllers/api/v1/transactions/find_controller.rb": [
        1,
        1,
        1,
        null,
        null,
        1,
        1,
        null,
        null,
        1,
        null,
        1,
        2,
        null,
        null,
        null,
        null,
        null,
        null,
        null,
        null,
        null
      ],
      "/Users/Josh/turing/projects/rails_engine/app/controllers/api/v1/transactions/random_controller.rb": [
        1,
        1,
        1,
        null,
        null
      ],
      "/Users/Josh/turing/projects/rails_engine/app/controllers/api/v1/transactions_controller.rb": [
        1,
        1,
        1,
        null,
        null,
        1,
        1,
        null,
        null
      ],
      "/Users/Josh/turing/projects/rails_engine/app/models/customer.rb": [
        1,
        1,
        1,
        null,
        1,
        7,
        5,
        5,
        null,
        2,
        null,
        null,
        null,
        1,
        5,
        3,
        3,
        null,
        2,
        null,
        null,
        null,
        1,
        2,
        null,
        null,
        1,
        null,
        1,
        15,
        null,
        null
      ],
      "/Users/Josh/turing/projects/rails_engine/app/models/invoice_item.rb": [
        1,
        1,
        1,
        1,
        1,
        null,
        1,
        1,
        null,
        1,
        7,
        null,
        null,
        1,
        7,
        null,
        null,
        1,
        2,
        null,
        null
      ],
      "/Users/Josh/turing/projects/rails_engine/app/models/invoice.rb": [
        1,
        1,
        1,
        1,
        null,
        1,
        1,
        null,
        1,
        6,
        2,
        2,
        null,
        4,
        null,
        null,
        null,
        1,
        6,
        2,
        2,
        null,
        4,
        null,
        null,
        null,
        1,
        2,
        null,
        null,
        1,
        null,
        1,
        14,
        null,
        null
      ],
      "/Users/Josh/turing/projects/rails_engine/app/models/item.rb": [
        1,
        1,
        1,
        1,
        1,
        null,
        1,
        null,
        1,
        6,
        3,
        3,
        null,
        3,
        null,
        null,
        null,
        1,
        6,
        3,
        3,
        null,
        3,
        null,
        null,
        null,
        1,
        2,
        null,
        null,
        1,
        null,
        1,
        15,
        null,
        null
      ],
      "/Users/Josh/turing/projects/rails_engine/app/models/merchant.rb": [
        1,
        1,
        null,
        1,
        5,
        3,
        3,
        null,
        2,
        null,
        null,
        null,
        1,
        5,
        3,
        3,
        null,
        2,
        null,
        null,
        null,
        1,
        2,
        null,
        null,
        1,
        null,
        1,
        12,
        null,
        null
      ],
      "/Users/Josh/turing/projects/rails_engine/app/models/transaction.rb": [
        1,
        1,
        1,
        1,
        null,
        1,
        null,
        1,
        6,
        3,
        3,
        null,
        3,
        null,
        null,
        null,
        1,
        6,
        3,
        3,
        null,
        3,
        null,
        null,
        null,
        1,
        2,
        null,
        null,
        1,
        null,
        1,
        15,
        null,
        null
      ]
    },
    "timestamp": 1464808572
  }
}
