{
  "RSpec": {
    "coverage": {
      "/Users/Josh/turing/projects/rails_engine/app/helpers/application_helper.rb": [
        1,
        null
      ],
      "/Users/Josh/turing/projects/rails_engine/app/controllers/api/v1/customers/find_controller.rb": [
        1,
        1,
        1,
        null,
        null,
        1,
        1,
        null,
        null,
        1,
        null,
        1,
        2,
        null,
        null
      ],
      "/Users/Josh/turing/projects/rails_engine/app/controllers/api/api_controller.rb": [
        1,
        1,
        null
      ],
      "/Users/Josh/turing/projects/rails_engine/app/controllers/application_controller.rb": [
        1,
        null,
        null,
        1,
        null
      ],
      "/Users/Josh/turing/projects/rails_engine/app/controllers/api/v1/customers/random_controller.rb": [
        1,
        1,
        1,
        null,
        null
      ],
      "/Users/Josh/turing/projects/rails_engine/app/controllers/api/v1/customers_controller.rb": [
        1,
        1,
        1,
        null,
        null,
        1,
        1,
        null,
        null
      ],
      "/Users/Josh/turing/projects/rails_engine/app/controllers/api/v1/invoice_items/find_controller.rb": [
        1,
        1,
        1,
        null,
        null,
        1,
        1,
        null,
        null,
        1,
        null,
        1,
        2,
        null,
        null,
        null,
        null,
        null,
        null,
        null,
        null,
        null,
        null
      ],
      "/Users/Josh/turing/projects/rails_engine/app/controllers/api/v1/invoice_items/random_controller.rb": [
        1,
        1,
        1,
        null,
        null
      ],
      "/Users/Josh/turing/projects/rails_engine/app/controllers/api/v1/invoice_items_controller.rb": [
        1,
        1,
        1,
        null,
        null,
        1,
        1,
        null,
        null
      ],
      "/Users/Josh/turing/projects/rails_engine/app/controllers/api/v1/invoices/find_controller.rb": [
        1,
        1,
        1,
        null,
        null,
        1,
        1,
        null,
        null,
        1,
        null,
        1,
        2,
        null,
        null,
        null,
        null,
        null,
        null,
        null,
        null
      ],
      "/Users/Josh/turing/projects/rails_engine/app/controllers/api/v1/invoices/random_controller.rb": [
        1,
        1,
        1,
        null,
        null
      ],
      "/Users/Josh/turing/projects/rails_engine/app/controllers/api/v1/invoices_controller.rb": [
        1,
        1,
        1,
        null,
        null,
        1,
        1,
        null,
        null
      ],
      "/Users/Josh/turing/projects/rails_engine/app/controllers/api/v1/items/find_controller.rb": [
        1,
        1,
        1,
        null,
        null,
        1,
        1,
        null,
        null,
        1,
        null,
        1,
        2,
        null,
        null,
        null,
        null,
        null,
        null,
        null,
        null,
        null,
        null
      ],
      "/Users/Josh/turing/projects/rails_engine/app/controllers/api/v1/items/random_controller.rb": [
        1,
        1,
        1,
        null,
        null
      ],
      "/Users/Josh/turing/projects/rails_engine/app/controllers/api/v1/items_controller.rb": [
        1,
        1,
        1,
        null,
        null,
        1,
        1,
        null,
        null
      ],
      "/Users/Josh/turing/projects/rails_engine/app/controllers/api/v1/merchants/find_controller.rb": [
        1,
        1,
        1,
        null,
        null,
        1,
        1,
        null,
        null,
        1,
        null,
        1,
        2,
        null,
        null
      ],
      "/Users/Josh/turing/projects/rails_engine/app/controllers/api/v1/merchants/random_controller.rb": [
        1,
        1,
        1,
        null,
        null
      ],
      "/Users/Josh/turing/projects/rails_engine/app/controllers/api/v1/merchants_controller.rb": [
        1,
        1,
        1,
        null,
        null,
        1,
        1,
        null,
        null
      ],
      "/Users/Josh/turing/projects/rails_engine/app/controllers/api/v1/transactions/find_controller.rb": [
        1,
        1,
        1,
        null,
        null,
        1,
        1,
        null,
        null,
        1,
        null,
        1,
        2,
        null,
        null,
        null,
        null,
        null,
        null,
        null,
        null,
        null,
        null
      ],
      "/Users/Josh/turing/projects/rails_engine/app/controllers/api/v1/transactions/random_controller.rb": [
        1,
        1,
        1,
        null,
        null
      ],
      "/Users/Josh/turing/projects/rails_engine/app/controllers/api/v1/transactions_controller.rb": [
        1,
        1,
        1,
        null,
        null,
        1,
        1,
        null,
        null
      ],
      "/Users/Josh/turing/projects/rails_engine/app/models/customer.rb": [
        1,
        1,
        1,
        null,
        1,
        1,
        1,
        null,
        1,
        7,
        null,
        null,
        1,
        5,
        null,
        null,
        1,
        2,
        null,
        null,
        1,
        null,
        null,
        null,
        null,
        2,
        null,
        null,
        1,
        null,
        1,
        3,
        null,
        null
      ],
      "/Users/Josh/turing/projects/rails_engine/app/models/invoice_item.rb": [
        1,
        1,
        1,
        1,
        1,
        null,
        1,
        1,
        null,
        1,
        7,
        7,
        null,
        null,
        1,
        7,
        7,
        null,
        null,
        1,
        2,
        null,
        null,
        1,
        5,
        null,
        null
      ],
      "/Users/Josh/turing/projects/rails_engine/app/models/invoice.rb": [
        1,
        1,
        1,
        1,
        null,
        1,
        1,
        1,
        1,
        1,
        null,
        1,
        6,
        null,
        null,
        1,
        6,
        null,
        null,
        1,
        2,
        null,
        null,
        1,
        8,
        null,
        null,
        1,
        2,
        null,
        null,
        1,
        null,
        1,
        2,
        null,
        null
      ],
      "/Users/Josh/turing/projects/rails_engine/app/models/item.rb": [
        1,
        1,
        1,
        1,
        1,
        null,
        1,
        1,
        1,
        null,
        1,
        6,
        6,
        null,
        null,
        1,
        6,
        6,
        null,
        null,
        1,
        2,
        null,
        null,
        1,
        null,
        null,
        null,
        2,
        null,
        null,
        1,
        null,
        null,
        null,
        null,
        2,
        null,
        null,
        1,
        null,
        null,
        null,
        null,
        2,
        null,
        null,
        1,
        null,
        1,
        3,
        null,
        null,
        null,
        1,
        0,
        null,
        null
      ],
      "/Users/Josh/turing/projects/rails_engine/app/models/merchant.rb": [
        1,
        1,
        null,
        1,
        1,
        1,
        1,
        1,
        null,
        1,
        5,
        null,
        null,
        1,
        5,
        null,
        null,
        1,
        2,
        null,
        null,
        1,
        null,
        null,
        null,
        2,
        null,
        null,
        1,
        null,
        null,
        null,
        null,
        2,
        null,
        null,
        1,
        2,
        null,
        null,
        null,
        null,
        2,
        null,
        null,
        1,
        3,
        3,
        null,
        null,
        1,
        null,
        null,
        null,
        null,
        1,
        null,
        null,
        1,
        1,
        1,
        null,
        null,
        1,
        null,
        1,
        2,
        null,
        null,
        1,
        null,
        null,
        null,
        null,
        0,
        null,
        null,
        1,
        null,
        null,
        null,
        3,
        null,
        null,
        null
      ],
      "/Users/Josh/turing/projects/rails_engine/app/models/transaction.rb": [
        1,
        1,
        1,
        1,
        null,
        1,
        null,
        1,
        6,
        null,
        null,
        1,
        6,
        null,
        null,
        1,
        2,
        null,
        null,
        1,
        null,
        1,
        3,
        null,
        null
      ],
      "/Users/Josh/turing/projects/rails_engine/app/serializers/customer_serializer.rb": [
        1,
        1,
        null
      ],
      "/Users/Josh/turing/projects/rails_engine/app/serializers/invoice_item_serializer.rb": [
        1,
        1,
        1,
        null,
        1,
        9,
        null,
        null
      ],
      "/Users/Josh/turing/projects/rails_engine/app/serializers/invoice_serializer.rb": [
        1,
        1,
        null
      ],
      "/Users/Josh/turing/projects/rails_engine/app/serializers/item_serializer.rb": [
        1,
        1,
        1,
        null,
        1,
        12,
        null,
        null,
        null,
        null,
        null,
        null,
        null,
        null,
        null,
        null,
        null,
        null,
        null
      ],
      "/Users/Josh/turing/projects/rails_engine/app/serializers/merchant_serializer.rb": [
        1,
        1,
        null
      ],
      "/Users/Josh/turing/projects/rails_engine/app/serializers/transaction_serializer.rb": [
        1,
        1,
        null
      ],
      "/Users/Josh/turing/projects/rails_engine/app/controllers/api/v1/customers/favorite_merchant_controller.rb": [
        1,
        null,
        1,
        1,
        null,
        null
      ],
      "/Users/Josh/turing/projects/rails_engine/app/controllers/api/v1/items/dates_controller.rb": [
        1,
        1,
        1,
        null,
        null
      ],
      "/Users/Josh/turing/projects/rails_engine/app/serializers/best_day_serializer.rb": [
        1,
        1,
        null,
        1,
        1,
        null,
        null
      ],
      "/Users/Josh/turing/projects/rails_engine/app/controllers/api/v1/items/most_revenues_controller.rb": [
        1,
        1,
        1,
        null,
        null
      ],
      "/Users/Josh/turing/projects/rails_engine/app/controllers/api/v1/items/most_items_controller.rb": [
        1,
        1,
        1,
        null,
        null
      ],
      "/Users/Josh/turing/projects/rails_engine/app/controllers/api/v1/merchants/most_revenues_controller.rb": [
        1,
        1,
        1,
        null,
        null
      ],
      "/Users/Josh/turing/projects/rails_engine/app/controllers/api/v1/merchants/most_items_controller.rb": [
        1,
        1,
        1,
        null,
        null
      ],
      "/Users/Josh/turing/projects/rails_engine/app/controllers/api/v1/merchants/favorite_customer_controller.rb": [
        1,
        1,
        1,
        null,
        null
      ],
      "/Users/Josh/turing/projects/rails_engine/app/controllers/api/v1/merchants/customers_with_pending_invoices_controller.rb": [
        1,
        1,
        1,
        null,
        null
      ],
      "/Users/Josh/turing/projects/rails_engine/app/controllers/api/v1/merchants/total_revenues_controller.rb": [
        1,
        1,
        1,
        null,
        null
      ],
      "/Users/Josh/turing/projects/rails_engine/app/controllers/api/v1/merchants/transaction_revenue_controller.rb": [
        1,
        1,
        2,
        null,
        null
      ],
      "/Users/Josh/turing/projects/rails_engine/app/controllers/api/v1/customers/invoices_controller.rb": [
        1,
        1,
        1,
        null,
        null
      ],
      "/Users/Josh/turing/projects/rails_engine/app/controllers/api/v1/customers/transactions_controller.rb": [
        1,
        1,
        1,
        null,
        null
      ],
      "/Users/Josh/turing/projects/rails_engine/app/controllers/api/v1/invoice_items/invoices_controller.rb": [
        1,
        1,
        1,
        null,
        null
      ],
      "/Users/Josh/turing/projects/rails_engine/app/controllers/api/v1/invoice_items/items_controller.rb": [
        1,
        1,
        1,
        null,
        null
      ],
      "/Users/Josh/turing/projects/rails_engine/app/controllers/api/v1/invoices/invoice_items_controller.rb": [
        1,
        1,
        1,
        null,
        null
      ],
      "/Users/Josh/turing/projects/rails_engine/app/controllers/api/v1/invoices/items_controller.rb": [
        1,
        1,
        1,
        null,
        null
      ],
      "/Users/Josh/turing/projects/rails_engine/app/controllers/api/v1/invoices/merchants_controller.rb": [
        1,
        1,
        1,
        null,
        null
      ],
      "/Users/Josh/turing/projects/rails_engine/app/controllers/api/v1/invoices/customers_controller.rb": [
        1,
        1,
        1,
        null,
        null
      ],
      "/Users/Josh/turing/projects/rails_engine/app/controllers/api/v1/invoices/transactions_controller.rb": [
        1,
        1,
        1,
        null,
        null
      ],
      "/Users/Josh/turing/projects/rails_engine/app/controllers/api/v1/items/merchants_controller.rb": [
        1,
        1,
        1,
        null,
        null
      ],
      "/Users/Josh/turing/projects/rails_engine/app/controllers/api/v1/items/invoice_items_controller.rb": [
        1,
        1,
        1,
        null,
        null
      ],
      "/Users/Josh/turing/projects/rails_engine/app/controllers/api/v1/merchants/invoices_controller.rb": [
        1,
        1,
        1,
        null,
        null
      ],
      "/Users/Josh/turing/projects/rails_engine/app/controllers/api/v1/merchants/items_controller.rb": [
        1,
        1,
        1,
        null,
        null
      ],
      "/Users/Josh/turing/projects/rails_engine/app/controllers/api/v1/transactions/invoices_controller.rb": [
        1,
        1,
        1,
        null,
        null
      ]
    },
    "timestamp": 1464905134
  }
}
